<?xml version="1.0" encoding="UTF-8"?>
<testng-results ignored="0" total="1" passed="1" failed="0" skipped="0">
  <reporter-output>
  </reporter-output>
  <suite started-at="2024-12-12T23:46:43 IST" name="Default suite" finished-at="2024-12-12T23:46:43 IST" duration-ms="301">
    <groups>
    </groups>
    <test started-at="2024-12-12T23:46:43 IST" name="Default test" finished-at="2024-12-12T23:46:43 IST" duration-ms="301">
      <class name="com.qt.script.Dummy_data">
        <test-method signature="dummy_Method()[pri:0, instance:com.qt.script.Dummy_data@1afd44cb]" started-at="2024-12-12T23:46:43 IST" name="dummy_Method" finished-at="2024-12-12T23:46:43 IST" duration-ms="217" status="PASS">
          <reporter-output>
          </reporter-output>
        </test-method> <!-- dummy_Method -->
      </class> <!-- com.qt.script.Dummy_data -->
    </test> <!-- Default test -->
  </suite> <!-- Default suite -->
</testng-results>
